# JRE version: Java(TM) SE Runtime Environment (8.0_74-b02) (build 1.8.0_74-b02)
# Java VM: Java HotSpot(TM) 64-Bit Server VM (25.74-b02 mixed mode linux-amd64 compressed oops)
Heap:
 PSYoungGen      total 44032K, used 33507K [0x00000000ecf80000, 0x00000000f2680000, 0x0000000100000000)
  eden space 28160K, 63% used [0x00000000ecf80000,0x00000000ee0ed2b8,0x00000000eeb00000)
  from space 15872K, 98% used [0x00000000eeb00000,0x00000000efa4baf0,0x00000000efa80000)
  to   space 18944K, 0% used [0x00000000f1400000,0x00000000f1400000,0x00000000f2680000)
 ParOldGen       total 57856K, used 30707K [0x00000000c6e00000, 0x00000000ca680000, 0x00000000ecf80000)
  object space 57856K, 53% used [0x00000000c6e00000,0x00000000c8bfcd10,0x00000000ca680000)
 Metaspace       used 18593K, capacity 18932K, committed 19200K, reserved 1067008K
  class space    used 2111K, capacity 2214K, committed 2304K, reserved 1048576K
GC Heap History (10 events):
Event: 14,207 GC heap before
{Heap before GC invocations=4 (full 0):
 PSYoungGen      total 17408K, used 17383K [0x00000000ecf80000, 0x00000000ee280000, 0x0000000100000000)
  eden space 15360K, 100% used [0x00000000ecf80000,0x00000000ede80000,0x00000000ede80000)
  from space 2048K, 98% used [0x00000000ede80000,0x00000000ee079df0,0x00000000ee080000)
  to   space 2048K, 0% used [0x00000000ee080000,0x00000000ee080000,0x00000000ee280000)
 ParOldGen       total 39936K, used 16629K [0x00000000c6e00000, 0x00000000c9500000, 0x00000000ecf80000)
  object space 39936K, 41% used [0x00000000c6e00000,0x00000000c7e3d598,0x00000000c9500000)
 Metaspace       used 18109K, capacity 18368K, committed 18688K, reserved 1064960K
  class space    used 2102K, capacity 2178K, committed 2304K, reserved 1048576K
Event: 14,252 GC heap after
Heap after GC invocations=4 (full 0):
 PSYoungGen      total 17408K, used 2023K [0x00000000ecf80000, 0x00000000ef180000, 0x0000000100000000)
  eden space 15360K, 0% used [0x00000000ecf80000,0x00000000ecf80000,0x00000000ede80000)
  from space 2048K, 98% used [0x00000000ee080000,0x00000000ee279df0,0x00000000ee280000)
  to   space 2048K, 0% used [0x00000000ede80000,0x00000000ede80000,0x00000000ee080000)
 ParOldGen       total 39936K, used 27406K [0x00000000c6e00000, 0x00000000c9500000, 0x00000000ecf80000)
  object space 39936K, 68% used [0x00000000c6e00000,0x00000000c88c3848,0x00000000c9500000)
 Metaspace       used 18109K, capacity 18368K, committed 18688K, reserved 1064960K
  class space    used 2102K, capacity 2178K, committed 2304K, reserved 1048576K
}
Event: 14,252 GC heap before
{Heap before GC invocations=5 (full 1):
 PSYoungGen      total 17408K, used 2023K [0x00000000ecf80000, 0x00000000ef180000, 0x0000000100000000)
  eden space 15360K, 0% used [0x00000000ecf80000,0x00000000ecf80000,0x00000000ede80000)
  from space 2048K, 98% used [0x00000000ee080000,0x00000000ee279df0,0x00000000ee280000)
  to   space 2048K, 0% used [0x00000000ede80000,0x00000000ede80000,0x00000000ee080000)
 ParOldGen       total 39936K, used 27406K [0x00000000c6e00000, 0x00000000c9500000, 0x00000000ecf80000)
  object space 39936K, 68% used [0x00000000c6e00000,0x00000000c88c3848,0x00000000c9500000)
 Metaspace       used 18109K, capacity 18368K, committed 18688K, reserved 1064960K
  class space    used 2102K, capacity 2178K, committed 2304K, reserved 1048576K
Event: 14,309 GC heap after
Heap after GC invocations=5 (full 1):
 PSYoungGen      total 17408K, used 0K [0x00000000ecf80000, 0x00000000ef180000, 0x0000000100000000)
  eden space 15360K, 0% used [0x00000000ecf80000,0x00000000ecf80000,0x00000000ede80000)
  from space 2048K, 0% used [0x00000000ee080000,0x00000000ee080000,0x00000000ee280000)
  to   space 2048K, 0% used [0x00000000ede80000,0x00000000ede80000,0x00000000ee080000)
 ParOldGen       total 57856K, used 23183K [0x00000000c6e00000, 0x00000000ca680000, 0x00000000ecf80000)
  object space 57856K, 40% used [0x00000000c6e00000,0x00000000c84a3c90,0x00000000ca680000)
 Metaspace       used 18109K, capacity 18368K, committed 18688K, reserved 1064960K
  class space    used 2102K, capacity 2178K, committed 2304K, reserved 1048576K
}
Event: 15,031 GC heap before
{Heap before GC invocations=6 (full 1):
 PSYoungGen      total 17408K, used 14939K [0x00000000ecf80000, 0x00000000ef180000, 0x0000000100000000)
  eden space 15360K, 97% used [0x00000000ecf80000,0x00000000ede16fe8,0x00000000ede80000)
  from space 2048K, 0% used [0x00000000ee080000,0x00000000ee080000,0x00000000ee280000)
  to   space 2048K, 0% used [0x00000000ede80000,0x00000000ede80000,0x00000000ee080000)
 ParOldGen       total 57856K, used 23183K [0x00000000c6e00000, 0x00000000ca680000, 0x00000000ecf80000)
  object space 57856K, 40% used [0x00000000c6e00000,0x00000000c84a3c90,0x00000000ca680000)
 Metaspace       used 18252K, capacity 18560K, committed 18688K, reserved 1064960K
  class space    used 2102K, capacity 2178K, committed 2304K, reserved 1048576K
Event: 15,045 GC heap after
Heap after GC invocations=6 (full 1):
 PSYoungGen      total 17408K, used 1545K [0x00000000ecf80000, 0x00000000f0c80000, 0x0000000100000000)
  eden space 15360K, 0% used [0x00000000ecf80000,0x00000000ecf80000,0x00000000ede80000)
  from space 2048K, 75% used [0x00000000ede80000,0x00000000ee002610,0x00000000ee080000)
  to   space 17408K, 0% used [0x00000000efb80000,0x00000000efb80000,0x00000000f0c80000)
 ParOldGen       total 57856K, used 29753K [0x00000000c6e00000, 0x00000000ca680000, 0x00000000ecf80000)
  object space 57856K, 51% used [0x00000000c6e00000,0x00000000c8b0e700,0x00000000ca680000)
 Metaspace       used 18252K, capacity 18560K, committed 18688K, reserved 1064960K
  class space    used 2102K, capacity 2178K, committed 2304K, reserved 1048576K
}
Event: 15,320 GC heap before
{Heap before GC invocations=7 (full 1):
 PSYoungGen      total 17408K, used 16603K [0x00000000ecf80000, 0x00000000f0c80000, 0x0000000100000000)
  eden space 15360K, 98% used [0x00000000ecf80000,0x00000000ede34820,0x00000000ede80000)
  from space 2048K, 75% used [0x00000000ede80000,0x00000000ee002610,0x00000000ee080000)
  to   space 17408K, 0% used [0x00000000efb80000,0x00000000efb80000,0x00000000f0c80000)
 ParOldGen       total 57856K, used 29753K [0x00000000c6e00000, 0x00000000ca680000, 0x00000000ecf80000)
  object space 57856K, 51% used [0x00000000c6e00000,0x00000000c8b0e700,0x00000000ca680000)
 Metaspace       used 18324K, capacity 18624K, committed 18944K, reserved 1067008K
  class space    used 2102K, capacity 2178K, committed 2304K, reserved 1048576K
Event: 15,329 GC heap after
Heap after GC invocations=7 (full 1):
 PSYoungGen      total 43008K, used 7586K [0x00000000ecf80000, 0x00000000f0a00000, 0x0000000100000000)
  eden space 28160K, 0% used [0x00000000ecf80000,0x00000000ecf80000,0x00000000eeb00000)
  from space 14848K, 51% used [0x00000000efb80000,0x00000000f02e8a70,0x00000000f0a00000)
  to   space 15872K, 0% used [0x00000000eeb00000,0x00000000eeb00000,0x00000000efa80000)
 ParOldGen       total 57856K, used 29761K [0x00000000c6e00000, 0x00000000ca680000, 0x00000000ecf80000)
  object space 57856K, 51% used [0x00000000c6e00000,0x00000000c8b10700,0x00000000ca680000)
 Metaspace       used 18324K, capacity 18624K, committed 18944K, reserved 1067008K
  class space    used 2102K, capacity 2178K, committed 2304K, reserved 1048576K
}
Event: 16,861 GC heap before
{Heap before GC invocations=8 (full 1):
 PSYoungGen      total 43008K, used 35634K [0x00000000ecf80000, 0x00000000f0a00000, 0x0000000100000000)
  eden space 28160K, 99% used [0x00000000ecf80000,0x00000000eeae4048,0x00000000eeb00000)
  from space 14848K, 51% used [0x00000000efb80000,0x00000000f02e8a70,0x00000000f0a00000)
  to   space 15872K, 0% used [0x00000000eeb00000,0x00000000eeb00000,0x00000000efa80000)
 ParOldGen       total 57856K, used 29761K [0x00000000c6e00000, 0x00000000ca680000, 0x00000000ecf80000)
  object space 57856K, 51% used [0x00000000c6e00000,0x00000000c8b10700,0x00000000ca680000)
 Metaspace       used 18497K, capacity 18816K, committed 18944K, reserved 1067008K
  class space    used 2102K, capacity 2178K, committed 2304K, reserved 1048576K
Event: 16,883 GC heap after
Heap after GC invocations=8 (full 1):
 PSYoungGen      total 44032K, used 15662K [0x00000000ecf80000, 0x00000000f2680000, 0x0000000100000000)
  eden space 28160K, 0% used [0x00000000ecf80000,0x00000000ecf80000,0x00000000eeb00000)
  from space 15872K, 98% used [0x00000000eeb00000,0x00000000efa4baf0,0x00000000efa80000)
  to   space 18944K, 0% used [0x00000000f1400000,0x00000000f1400000,0x00000000f2680000)
 ParOldGen       total 57856K, used 30707K [0x00000000c6e00000, 0x00000000ca680000, 0x00000000ecf80000)
  object space 57856K, 53% used [0x00000000c6e00000,0x00000000c8bfcd10,0x00000000ca680000)
 Metaspace       used 18497K, capacity 18816K, committed 18944K, reserved 1067008K
  class space    used 2102K, capacity 2178K, committed 2304K, reserved 1048576K
}

